### Custom WaveView ADV log file, revision S-2021.09  (build 210822) ###
### created at 20:18:26 on Wed Feb  1 2023 (Windows) ###
### Host Name: SAJADI   User ID:    ###
wv_start_log
# (0) running in waveview only mode
# (0) SW_SX_TCL_LIB is not defined, use tcl lib in package
sx_open_sim_file_read {F:/A_Univercity/Term_9/ELE_3/Project/Phase_2/V2/tt/increasing_wl.tr0}
sx_open_sim_file_read {F:/A_Univercity/Term_9/ELE_3/Project/Phase_2/V2/tt/increasing_wl.ac0}
wv_select_tree_item {Custom WaveView} {} {hierview} {D0:increasing_wl.tr0(0)} {0} {+sep=@}
wv_expand_tree_item {Custom WaveView} {} {hierview} {D0:increasing_wl.tr0(0)} {+sep=@}
wv_select_tree_item {Custom WaveView} {} {hierview} {D0:increasing_wl.tr0(0)} {0} {+sep=@}
wv_select_tree_item {Custom WaveView} {} {hierview} {D0:increasing_wl.tr0(0)@toplevel(0)} {0} {+sep=@}
wv_resize_browser {Custom WaveView} {} {WV.Browser} 250 506
wv_resize_browser {Custom WaveView} {} {waveview 1:1} 1018 477
wv_resize_window {Custom WaveView} 1280 649
wv_move_window {Custom WaveView} {} -8 -8
wv_select_list_item {Custom WaveView} {} {sigview} {v(500)} 18
wv_dclick_list_item {Custom WaveView} {} {sigview} {v(500)} 18
wv_select_window {Custom WaveView} 
wv_press_tool_button {Custom WaveView} {} {UpdateWave0} 
wv_select_dialog {ReloadFiles} 
wv_press_button {ReloadFiles} {} {YesAll} 
wv_select_menu_item {Custom WaveView} {} {AxisCursor.Add Cursor} 
wv_select_waveview 1 {waveview 1}
wv_select_wv_item WV1.PANEL1:1.CURSOR1
wv_drag_item_to WV1 594 61
wv_move_wv_item WV1.PANEL1:1.CURSOR1 580 62
wv_select_window {Custom WaveView} 
wv_press_tool_button {Custom WaveView} {} {UpdateWave0} 
wv_select_dialog {ReloadFiles} 
wv_press_button {ReloadFiles} {} {YesAll} 
wv_close_window {Custom WaveView} 
wv_select_dialog {Confirmation} 
#wv_press_button {Confirmation} {} {Ok} 
